

Microchip MPLAB XC8 Assembler V2.50 build 20240725155939 
                                                                                               Fri Jan 03 20:45:02 2025

Microchip MPLAB XC8 C Compiler v2.50 (Free license) build 20240725155939 Og1 
     1                           	processor	18F4321
     2                           	fnconf	rparam,??,?,0
     3                           	pagewidth 120
     4                           	opt	flic
     5                           	psect	cinit,global,reloc=2,class=CODE,space=0,delta=1
     6                           	psect	cstackCOMRAM,global,class=COMRAM,space=1,delta=1,lowdata,noexec
     7                           	psect	text0,global,reloc=2,class=CODE,space=0,delta=1
     8                           	psect	intcodelo,global,reloc=2,class=CODE,space=0,delta=1
     9                           	psect	intcode,global,reloc=2,class=CODE,space=0,delta=1
    10                           	psect	intcode_body,global,reloc=2,class=CODE,space=0,delta=1
    11                           	psect	smallconst,global,reloc=2,class=SMALLCONST,space=0,delta=1,noexec
    12                           	psect	intsave_regs,global,class=BIGRAM,space=1,delta=1,noexec
    13                           	psect	rparam,global,class=COMRAM,space=1,delta=1,noexec
    14                           	psect	temp,global,ovrld,common,class=COMRAM,space=1,delta=1,lowdata
    15                           	psect	config,global,abs,ovrld,class=CONFIG,space=4,delta=1,noexec
    16   000000                     
    17                           ; Generated 23/03/2023 GMT
    18                           ; 
    19                           ; Copyright © 2023, Microchip Technology Inc. and its subsidiaries ("Microchip")
    20                           ; All rights reserved.
    21                           ; 
    22                           ; This software is developed by Microchip Technology Inc. and its subsidiaries ("Microch
      +                          ip").
    23                           ; 
    24                           ; Redistribution and use in source and binary forms, with or without modification, are
    25                           ; permitted provided that the following conditions are met:
    26                           ; 
    27                           ;     1. Redistributions of source code must retain the above copyright notice, this lis
      +                          t of
    28                           ;        conditions and the following disclaimer.
    29                           ; 
    30                           ;     2. Redistributions in binary form must reproduce the above copyright notice, this 
      +                          list
    31                           ;        of conditions and the following disclaimer in the documentation and/or other
    32                           ;        materials provided with the distribution. Publication is not required when
    33                           ;        this file is used in an embedded application.
    34                           ; 
    35                           ;     3. Microchip's name may not be used to endorse or promote products derived from th
      +                          is
    36                           ;        software without specific prior written permission.
    37                           ; 
    38                           ; THIS SOFTWARE IS PROVIDED BY MICROCHIP "AS IS" AND ANY EXPRESS OR IMPLIED WARRANTIES,
    39                           ; INCLUDING, BUT NOT LIMITED TO, THE IMPLIED WARRANTIES OF MERCHANTABILITY AND FITNESS F
      +                          OR
    40                           ; PURPOSE ARE DISCLAIMED.  IN NO EVENT SHALL MICROCHIP BE LIABLE FOR ANY DIRECT, INDIREC
      +                          T,
    41                           ; INCIDENTAL, SPECIAL, EXEMPLARY, OR CONSEQUENTIAL DAMAGES (INCLUDING BUT NOT LIMITED TO
    42                           ; PROCUREMENT OF SUBSTITUTE GOODS OR SERVICES; LOSS OF USE, DATA OR PROFITS; OR BUSINESS
    43                           ; INTERRUPTION) HOWSOEVER CAUSED AND ON ANY THEORY OF LIABILITY, WHETHER IN CONTRACT, ST
      +                          RICT
    44                           ; LIABILITY, OR TORT (INCLUDING NEGLIGENCE OR OTHERWISE) ARISING IN ANY WAY OUT OF THE U
      +                          SE OF
    45                           ; THIS SOFTWARE, EVEN IF ADVISED OF THE POSSIBILITY OF SUCH DAMAGE.
    46                           ; 
    47                           ; 
    48                           ; Code-generator required, PIC18F4321 Definitions
    49                           ; 
    50                           ; SFR Addresses
    51   000FE0                     bsr             equ	4064
    52   000FE9                     fsr0            equ	4073
    53   000FEA                     fsr0h           equ	4074
    54   000FE9                     fsr0l           equ	4073
    55   000FE1                     fsr1            equ	4065
    56   000FE2                     fsr1h           equ	4066
    57   000FE1                     fsr1l           equ	4065
    58   000FD9                     fsr2            equ	4057
    59   000FDA                     fsr2h           equ	4058
    60   000FD9                     fsr2l           equ	4057
    61   000FEF                     indf0           equ	4079
    62   000FE7                     indf1           equ	4071
    63   000FDF                     indf2           equ	4063
    64   000FF2                     intcon          equ	4082
    65   000000                     nvmcon          equ	0
    66   000FF9                     pcl             equ	4089
    67   000FFA                     pclath          equ	4090
    68   000FFB                     pclatu          equ	4091
    69   000FEB                     plusw0          equ	4075
    70   000FE3                     plusw1          equ	4067
    71   000FDB                     plusw2          equ	4059
    72   000FED                     postdec0        equ	4077
    73   000FE5                     postdec1        equ	4069
    74   000FDD                     postdec2        equ	4061
    75   000FEE                     postinc0        equ	4078
    76   000FE6                     postinc1        equ	4070
    77   000FDE                     postinc2        equ	4062
    78   000FEC                     preinc0         equ	4076
    79   000FE4                     preinc1         equ	4068
    80   000FDC                     preinc2         equ	4060
    81   000FF3                     prod            equ	4083
    82   000FF4                     prodh           equ	4084
    83   000FF3                     prodl           equ	4083
    84   000FD8                     status          equ	4056
    85   000FF5                     tablat          equ	4085
    86   000FF6                     tblptr          equ	4086
    87   000FF7                     tblptrh         equ	4087
    88   000FF6                     tblptrl         equ	4086
    89   000FF8                     tblptru         equ	4088
    90   000FFD                     tosl            equ	4093
    91   000FE8                     wreg            equ	4072
    92   000F80                     PORTA           equ	3968	;# 
    93   000F81                     PORTB           equ	3969	;# 
    94   000F82                     PORTC           equ	3970	;# 
    95   000F83                     PORTD           equ	3971	;# 
    96   000F84                     PORTE           equ	3972	;# 
    97   000F89                     LATA            equ	3977	;# 
    98   000F8A                     LATB            equ	3978	;# 
    99   000F8B                     LATC            equ	3979	;# 
   100   000F8C                     LATD            equ	3980	;# 
   101   000F8D                     LATE            equ	3981	;# 
   102   000F92                     TRISA           equ	3986	;# 
   103   000F92                     DDRA            equ	3986	;# 
   104   000F93                     TRISB           equ	3987	;# 
   105   000F93                     DDRB            equ	3987	;# 
   106   000F94                     TRISC           equ	3988	;# 
   107   000F94                     DDRC            equ	3988	;# 
   108   000F95                     TRISD           equ	3989	;# 
   109   000F95                     DDRD            equ	3989	;# 
   110   000F96                     TRISE           equ	3990	;# 
   111   000F96                     DDRE            equ	3990	;# 
   112   000F9B                     OSCTUNE         equ	3995	;# 
   113   000F9D                     PIE1            equ	3997	;# 
   114   000F9E                     PIR1            equ	3998	;# 
   115   000F9F                     IPR1            equ	3999	;# 
   116   000FA0                     PIE2            equ	4000	;# 
   117   000FA1                     PIR2            equ	4001	;# 
   118   000FA2                     IPR2            equ	4002	;# 
   119   000FA6                     EECON1          equ	4006	;# 
   120   000FA7                     EECON2          equ	4007	;# 
   121   000FA8                     EEDATA          equ	4008	;# 
   122   000FA9                     EEADR           equ	4009	;# 
   123   000FAB                     RCSTA           equ	4011	;# 
   124   000FAB                     RCSTA1          equ	4011	;# 
   125   000FAC                     TXSTA           equ	4012	;# 
   126   000FAC                     TXSTA1          equ	4012	;# 
   127   000FAD                     TXREG           equ	4013	;# 
   128   000FAD                     TXREG1          equ	4013	;# 
   129   000FAE                     RCREG           equ	4014	;# 
   130   000FAE                     RCREG1          equ	4014	;# 
   131   000FAF                     SPBRG           equ	4015	;# 
   132   000FAF                     SPBRG1          equ	4015	;# 
   133   000FB0                     SPBRGH          equ	4016	;# 
   134   000FB1                     T3CON           equ	4017	;# 
   135   000FB2                     TMR3            equ	4018	;# 
   136   000FB2                     TMR3L           equ	4018	;# 
   137   000FB3                     TMR3H           equ	4019	;# 
   138   000FB4                     CMCON           equ	4020	;# 
   139   000FB5                     CVRCON          equ	4021	;# 
   140   000FB6                     ECCP1AS         equ	4022	;# 
   141   000FB7                     ECCP1DEL        equ	4023	;# 
   142   000FB7                     PWM1CON         equ	4023	;# 
   143   000FB8                     BAUDCON         equ	4024	;# 
   144   000FB8                     BAUDCTL         equ	4024	;# 
   145   000FBA                     CCP2CON         equ	4026	;# 
   146   000FBB                     CCPR2           equ	4027	;# 
   147   000FBB                     CCPR2L          equ	4027	;# 
   148   000FBC                     CCPR2H          equ	4028	;# 
   149   000FBD                     CCP1CON         equ	4029	;# 
   150   000FBD                     ECCP1CON        equ	4029	;# 
   151   000FBE                     CCPR1           equ	4030	;# 
   152   000FBE                     CCPR1L          equ	4030	;# 
   153   000FBF                     CCPR1H          equ	4031	;# 
   154   000FC0                     ADCON2          equ	4032	;# 
   155   000FC1                     ADCON1          equ	4033	;# 
   156   000FC2                     ADCON0          equ	4034	;# 
   157   000FC3                     ADRES           equ	4035	;# 
   158   000FC3                     ADRESL          equ	4035	;# 
   159   000FC4                     ADRESH          equ	4036	;# 
   160   000FC5                     SSPCON2         equ	4037	;# 
   161   000FC6                     SSPCON1         equ	4038	;# 
   162   000FC7                     SSPSTAT         equ	4039	;# 
   163   000FC8                     SSPADD          equ	4040	;# 
   164   000FC9                     SSPBUF          equ	4041	;# 
   165   000FCA                     T2CON           equ	4042	;# 
   166   000FCB                     PR2             equ	4043	;# 
   167   000FCB                     MEMCON          equ	4043	;# 
   168   000FCC                     TMR2            equ	4044	;# 
   169   000FCD                     T1CON           equ	4045	;# 
   170   000FCE                     TMR1            equ	4046	;# 
   171   000FCE                     TMR1L           equ	4046	;# 
   172   000FCF                     TMR1H           equ	4047	;# 
   173   000FD0                     RCON            equ	4048	;# 
   174   000FD1                     WDTCON          equ	4049	;# 
   175   000FD2                     HLVDCON         equ	4050	;# 
   176   000FD2                     LVDCON          equ	4050	;# 
   177   000FD3                     OSCCON          equ	4051	;# 
   178   000FD5                     T0CON           equ	4053	;# 
   179   000FD6                     TMR0            equ	4054	;# 
   180   000FD6                     TMR0L           equ	4054	;# 
   181   000FD7                     TMR0H           equ	4055	;# 
   182   000FD8                     STATUS          equ	4056	;# 
   183   000FD9                     FSR2            equ	4057	;# 
   184   000FD9                     FSR2L           equ	4057	;# 
   185   000FDA                     FSR2H           equ	4058	;# 
   186   000FDB                     PLUSW2          equ	4059	;# 
   187   000FDC                     PREINC2         equ	4060	;# 
   188   000FDD                     POSTDEC2        equ	4061	;# 
   189   000FDE                     POSTINC2        equ	4062	;# 
   190   000FDF                     INDF2           equ	4063	;# 
   191   000FE0                     BSR             equ	4064	;# 
   192   000FE1                     FSR1            equ	4065	;# 
   193   000FE1                     FSR1L           equ	4065	;# 
   194   000FE2                     FSR1H           equ	4066	;# 
   195   000FE3                     PLUSW1          equ	4067	;# 
   196   000FE4                     PREINC1         equ	4068	;# 
   197   000FE5                     POSTDEC1        equ	4069	;# 
   198   000FE6                     POSTINC1        equ	4070	;# 
   199   000FE7                     INDF1           equ	4071	;# 
   200   000FE8                     WREG            equ	4072	;# 
   201   000FE9                     FSR0            equ	4073	;# 
   202   000FE9                     FSR0L           equ	4073	;# 
   203   000FEA                     FSR0H           equ	4074	;# 
   204   000FEB                     PLUSW0          equ	4075	;# 
   205   000FEC                     PREINC0         equ	4076	;# 
   206   000FED                     POSTDEC0        equ	4077	;# 
   207   000FEE                     POSTINC0        equ	4078	;# 
   208   000FEF                     INDF0           equ	4079	;# 
   209   000FF0                     INTCON3         equ	4080	;# 
   210   000FF1                     INTCON2         equ	4081	;# 
   211   000FF2                     INTCON          equ	4082	;# 
   212   000FF3                     PROD            equ	4083	;# 
   213   000FF3                     PRODL           equ	4083	;# 
   214   000FF4                     PRODH           equ	4084	;# 
   215   000FF5                     TABLAT          equ	4085	;# 
   216   000FF6                     TBLPTR          equ	4086	;# 
   217   000FF6                     TBLPTRL         equ	4086	;# 
   218   000FF7                     TBLPTRH         equ	4087	;# 
   219   000FF8                     TBLPTRU         equ	4088	;# 
   220   000FF9                     PCLAT           equ	4089	;# 
   221   000FF9                     PC              equ	4089	;# 
   222   000FF9                     PCL             equ	4089	;# 
   223   000FFA                     PCLATH          equ	4090	;# 
   224   000FFB                     PCLATU          equ	4091	;# 
   225   000FFC                     STKPTR          equ	4092	;# 
   226   000FFD                     TOS             equ	4093	;# 
   227   000FFD                     TOSL            equ	4093	;# 
   228   000FFE                     TOSH            equ	4094	;# 
   229   000FFF                     TOSU            equ	4095	;# 
   230   000F82                     _PORTCbits      set	3970
   231   000F83                     _PORTD          set	3971
   232   000F94                     _TRISC          set	3988
   233   000F95                     _TRISD          set	3989
   234   000F93                     _TRISB          set	3987
   235   000FD0                     _RCONbits       set	4048
   236   000FC1                     _ADCON1         set	4033
   237   000FF1                     _INTCON2bits    set	4081
   238   000FF0                     _INTCON3bits    set	4080
   239   000FF2                     _INTCONbits     set	4082
   240                           
   241                           ; #config settings
   242                           
   243                           	psect	cinit
   244   000290                     __pcinit:
   245                           	callstack 0
   246   000290                     start_initialization:
   247                           	callstack 0
   248   000290                     __initialization:
   249                           	callstack 0
   250   000290                     end_of_initialization:
   251                           	callstack 0
   252   000290                     __end_of__initialization:
   253                           	callstack 0
   254   000290  9008               	bcf	int$flags,0,c	;clear compiler interrupt flag (level 1)
   255   000292  9208               	bcf	int$flags,1,c	;clear compiler interrupt flag (level 2)
   256   000294  0100               	movlb	0
   257   000296  EF01  F001         	goto	_main	;jump to C main() function
   258                           
   259                           	psect	cstackCOMRAM
   260   000001                     __pcstackCOMRAM:
   261                           	callstack 0
   262   000001                     ??_toggle:
   263                           
   264                           ; 1 bytes @ 0x0
   265   000001                     	ds	1
   266   000002                     ??_counting:
   267                           
   268                           ; 1 bytes @ 0x1
   269   000002                     	ds	4
   270   000006                     counting@i:
   271                           	callstack 0
   272                           
   273                           ; 1 bytes @ 0x5
   274   000006                     	ds	1
   275   000007                     ??_main:
   276                           
   277                           ; 1 bytes @ 0x6
   278   000007                     	ds	1
   279                           
   280 ;;
   281 ;;Main: autosize = 0, tempsize = 1, incstack = 0, save=0
   282 ;;
   283 ;; *************** function _main *****************
   284 ;; Defined at:
   285 ;;		line 15 in file "main.c"
   286 ;; Parameters:    Size  Location     Type
   287 ;;		None
   288 ;; Auto vars:     Size  Location     Type
   289 ;;		None
   290 ;; Return value:  Size  Location     Type
   291 ;;                  1    wreg      void 
   292 ;; Registers used:
   293 ;;		wreg, status,2
   294 ;; Tracked objects:
   295 ;;		On entry : 0/0
   296 ;;		On exit  : 0/0
   297 ;;		Unchanged: 0/0
   298 ;; Data sizes:     COMRAM   BANK0   BANK1
   299 ;;      Params:         0       0       0
   300 ;;      Locals:         0       0       0
   301 ;;      Temps:          1       0       0
   302 ;;      Totals:         1       0       0
   303 ;;Total ram usage:        1 bytes
   304 ;; Hardware stack levels required when called: 2
   305 ;; This function calls:
   306 ;;		Nothing
   307 ;; This function is called by:
   308 ;;		Startup code after reset
   309 ;; This function uses a non-reentrant model
   310 ;;
   311                           
   312                           	psect	text0
   313   000202                     __ptext0:
   314                           	callstack 0
   315   000202                     _main:
   316                           	callstack 29
   317   000202                     
   318                           ;main.c: 17:     ADCON1 = 0x0f;
   319   000202  0E0F               	movlw	15
   320   000204  6EC1               	movwf	193,c	;volatile
   321   000206                     
   322                           ;main.c: 19:     RCONbits.IPEN = 1;
   323   000206  8ED0               	bsf	208,7,c	;volatile
   324   000208                     
   325                           ;main.c: 21:     TRISB = 0xff;
   326   000208  6893               	setf	147,c	;volatile
   327   00020A                     
   328                           ;main.c: 22:     TRISD = 0x00;
   329   00020A  6A95               	clrf	149,c	;volatile
   330                           
   331                           ;main.c: 23:     TRISC = 0xFE;
   332   00020C  0EFE               	movlw	254
   333   00020E  6E94               	movwf	148,c	;volatile
   334   000210                     
   335                           ;main.c: 25:     INTCONbits.INT0IE = 1;
   336   000210  88F2               	bsf	242,4,c	;volatile
   337   000212                     
   338                           ;main.c: 26:     INTCONbits.INT0IF = 0;
   339   000212  92F2               	bcf	242,1,c	;volatile
   340   000214                     
   341                           ;main.c: 28:     INTCON3bits.INT1IE = 1;
   342   000214  86F0               	bsf	240,3,c	;volatile
   343   000216                     
   344                           ;main.c: 29:     INTCON3bits.INT1IF = 0;
   345   000216  90F0               	bcf	240,0,c	;volatile
   346   000218                     
   347                           ;main.c: 30:     INTCON3bits.INT1IP = 0;
   348   000218  9CF0               	bcf	240,6,c	;volatile
   349   00021A                     
   350                           ;main.c: 32:     INTCONbits.GIEH = 1;
   351   00021A  8EF2               	bsf	242,7,c	;volatile
   352   00021C                     
   353                           ;main.c: 33:     INTCONbits.GIEL = 1;
   354   00021C  8CF2               	bsf	242,6,c	;volatile
   355   00021E                     
   356                           ;main.c: 35:     INTCON2bits.INTEDG0 = 0;
   357   00021E  9CF1               	bcf	241,6,c	;volatile
   358   000220                     
   359                           ;main.c: 36:     INTCON2bits.INTEDG1 = 0;
   360   000220  9AF1               	bcf	241,5,c	;volatile
   361   000222                     l27:
   362                           
   363                           ;main.c: 41:         PORTD = 0x0F;
   364   000222  0E0F               	movlw	15
   365   000224  6E83               	movwf	131,c	;volatile
   366   000226                     
   367                           ;main.c: 42:         _delay((unsigned long)((300)*(1000000/4000.0)));
   368   000226  0E62               	movlw	98
   369   000228  6E07               	movwf	??_main^0,c
   370   00022A  0E66               	movlw	102
   371   00022C                     u77:
   372   00022C  2EE8               	decfsz	wreg,f,c
   373   00022E  D7FE               	bra	u77
   374   000230  2E07               	decfsz	??_main^0,f,c
   375   000232  D7FC               	bra	u77
   376   000234                     
   377                           ;main.c: 43:         PORTD = 0x00;
   378   000234  6A83               	clrf	131,c	;volatile
   379   000236                     
   380                           ;main.c: 44:         _delay((unsigned long)((300)*(1000000/4000.0)));
   381   000236  0E62               	movlw	98
   382   000238  6E07               	movwf	??_main^0,c
   383   00023A  0E66               	movlw	102
   384   00023C                     u87:
   385   00023C  2EE8               	decfsz	wreg,f,c
   386   00023E  D7FE               	bra	u87
   387   000240  2E07               	decfsz	??_main^0,f,c
   388   000242  D7FC               	bra	u87
   389   000244  EF11  F001         	goto	l27
   390   000248  EF3D  F000         	goto	start
   391   00024C                     __end_of_main:
   392                           	callstack 0
   393                           
   394 ;; *************** function _counting *****************
   395 ;; Defined at:
   396 ;;		line 59 in file "main.c"
   397 ;; Parameters:    Size  Location     Type
   398 ;;		None
   399 ;; Auto vars:     Size  Location     Type
   400 ;;  i               1    5[COMRAM] unsigned char 
   401 ;; Return value:  Size  Location     Type
   402 ;;                  1    wreg      void 
   403 ;; Registers used:
   404 ;;		wreg, status,2, status,0
   405 ;; Tracked objects:
   406 ;;		On entry : 0/0
   407 ;;		On exit  : 0/0
   408 ;;		Unchanged: 0/0
   409 ;; Data sizes:     COMRAM   BANK0   BANK1
   410 ;;      Params:         0       0       0
   411 ;;      Locals:         1       0       0
   412 ;;      Temps:          4       0       0
   413 ;;      Totals:         5       0       0
   414 ;;Total ram usage:        5 bytes
   415 ;; Hardware stack levels used: 1
   416 ;; Hardware stack levels required when called: 1
   417 ;; This function calls:
   418 ;;		Nothing
   419 ;; This function is called by:
   420 ;;		Interrupt level 1
   421 ;; This function uses a non-reentrant model
   422 ;;
   423                           
   424                           	psect	intcodelo
   425   000018                     __pintcodelo:
   426                           	callstack 0
   427   000018                     _counting:
   428                           	callstack 29
   429                           
   430                           ;incstack = 0
   431   000018  8008               	bsf	int$flags,0,c	;set compiler interrupt flag (level 1)
   432   00001A  CFD8 F003          	movff	status,??_counting+1
   433   00001E  CFE8 F004          	movff	wreg,??_counting+2
   434   000022  CFE0 F005          	movff	bsr,??_counting+3
   435   000026                     
   436                           ;main.c: 62:     if (INTCON3bits.INT1IF && INTCON3bits.INT1IE)
   437   000026  A0F0               	btfss	240,0,c	;volatile
   438   000028  EF18  F000         	goto	i1u4_21
   439   00002C  EF1A  F000         	goto	i1u4_20
   440   000030                     i1u4_21:
   441   000030  EF35  F000         	goto	i1l44
   442   000034                     i1u4_20:
   443   000034  A6F0               	btfss	240,3,c	;volatile
   444   000036  EF1F  F000         	goto	i1u5_21
   445   00003A  EF21  F000         	goto	i1u5_20
   446   00003E                     i1u5_21:
   447   00003E  EF35  F000         	goto	i1l44
   448   000042                     i1u5_20:
   449   000042                     
   450                           ;main.c: 63:     {;main.c: 64:         INTCON3bits.INT1IF = 0;
   451   000042  90F0               	bcf	240,0,c	;volatile
   452                           
   453                           ;main.c: 66:         for (uint8_t i = 0; i < 255; i++)
   454   000044  6A06               	clrf	counting@i^0,c
   455   000046                     i1l42:
   456                           
   457                           ;main.c: 67:           {;main.c: 69:                 PORTD = i;
   458   000046  C006  FF83         	movff	counting@i,3971	;volatile
   459   00004A                     
   460                           ;main.c: 70:                 _delay((unsigned long)((10)*(1000000/4000.0)));
   461   00004A  0E04               	movlw	4
   462   00004C  6E02               	movwf	??_counting^0,c
   463   00004E  0E3E               	movlw	62
   464   000050                     i1u9_27:
   465   000050  2EE8               	decfsz	wreg,f,c
   466   000052  D7FE               	bra	i1u9_27
   467   000054  2E02               	decfsz	??_counting^0,f,c
   468   000056  D7FC               	bra	i1u9_27
   469   000058                     
   470                           ;main.c: 71:           }
   471   000058  2A06               	incf	counting@i^0,f,c
   472   00005A  2806               	incf	counting@i^0,w,c
   473   00005C  A4D8               	btfss	status,2,c
   474   00005E  EF33  F000         	goto	i1u6_21
   475   000062  EF35  F000         	goto	i1u6_20
   476   000066                     i1u6_21:
   477   000066  EF23  F000         	goto	i1l42
   478   00006A                     i1u6_20:
   479   00006A                     i1l44:
   480   00006A  C005  FFE0         	movff	??_counting+3,bsr
   481   00006E  C004  FFE8         	movff	??_counting+2,wreg
   482   000072  C003  FFD8         	movff	??_counting+1,status
   483   000076  9008               	bcf	int$flags,0,c	;clear compiler interrupt flag (level 1)
   484   000078  0010               	retfie	
   485   00007A                     __end_of_counting:
   486                           	callstack 0
   487                           
   488 ;; *************** function _toggle *****************
   489 ;; Defined at:
   490 ;;		line 50 in file "main.c"
   491 ;; Parameters:    Size  Location     Type
   492 ;;		None
   493 ;; Auto vars:     Size  Location     Type
   494 ;;		None
   495 ;; Return value:  Size  Location     Type
   496 ;;                  1    wreg      void 
   497 ;; Registers used:
   498 ;;		wreg, status,2, status,0
   499 ;; Tracked objects:
   500 ;;		On entry : 0/0
   501 ;;		On exit  : 0/0
   502 ;;		Unchanged: 0/0
   503 ;; Data sizes:     COMRAM   BANK0   BANK1
   504 ;;      Params:         0       0       0
   505 ;;      Locals:         0       0       0
   506 ;;      Temps:          1       0       0
   507 ;;      Totals:         1       0       0
   508 ;;Total ram usage:        1 bytes
   509 ;; Hardware stack levels used: 1
   510 ;; This function calls:
   511 ;;		Nothing
   512 ;; This function is called by:
   513 ;;		Interrupt level 2
   514 ;; This function uses a non-reentrant model
   515 ;;
   516                           
   517                           	psect	intcode
   518   000008                     __pintcode:
   519                           	callstack 0
   520   000008                     _toggle:
   521                           	callstack 29
   522                           
   523                           ;incstack = 0
   524   000008  8208               	bsf	int$flags,1,c	;set compiler interrupt flag (level 2)
   525   00000A  EF26  F001         	goto	int_func
   526                           
   527                           	psect	intcode_body
   528   00024C                     __pintcode_body:
   529                           	callstack 29
   530   00024C                     int_func:
   531                           	callstack 29
   532   00024C                     
   533                           ;main.c: 52:     if (INTCONbits.INT0IF && INTCONbits.INT0IE)
   534   00024C  A2F2               	btfss	242,1,c	;volatile
   535   00024E  EF2B  F001         	goto	i2u1_41
   536   000252  EF2D  F001         	goto	i2u1_40
   537   000256                     i2u1_41:
   538   000256  EF46  F001         	goto	i2l36
   539   00025A                     i2u1_40:
   540   00025A  A8F2               	btfss	242,4,c	;volatile
   541   00025C  EF32  F001         	goto	i2u2_41
   542   000260  EF34  F001         	goto	i2u2_40
   543   000264                     i2u2_41:
   544   000264  EF46  F001         	goto	i2l36
   545   000268                     i2u2_40:
   546   000268                     
   547                           ;main.c: 53:     {;main.c: 54:         INTCONbits.INT0IF = 0;
   548   000268  92F2               	bcf	242,1,c	;volatile
   549   00026A                     
   550                           ;main.c: 55:         PORTCbits.RC1 = ~PORTCbits.RC1;
   551   00026A  B282               	btfsc	130,1,c	;volatile
   552   00026C  EF3A  F001         	goto	i2u3_41
   553   000270  EF3D  F001         	goto	i2u3_40
   554   000274                     i2u3_41:
   555   000274  0E01               	movlw	1
   556   000276  EF3E  F001         	goto	i2u3_46
   557   00027A                     i2u3_40:
   558   00027A  0E00               	movlw	0
   559   00027C                     i2u3_46:
   560   00027C  0AFF               	xorlw	255
   561   00027E  6E01               	movwf	??_toggle^0,c
   562   000280  4601               	rlncf	??_toggle^0,f,c
   563   000282  5082               	movf	130,w,c	;volatile
   564   000284  1801               	xorwf	??_toggle^0,w,c
   565   000286  0BFD               	andlw	-3
   566   000288  1801               	xorwf	??_toggle^0,w,c
   567   00028A  6E82               	movwf	130,c	;volatile
   568   00028C                     i2l36:
   569   00028C  9208               	bcf	int$flags,1,c	;clear compiler interrupt flag (level 2)
   570   00028E  0011               	retfie		f
   571   000290                     __end_of_toggle:
   572                           	callstack 0
   573                           
   574                           	psect	smallconst
   575   000200                     __psmallconst:
   576                           	callstack 0
   577   000200  00                 	db	0
   578   000201  00                 	db	0	; dummy byte at the end
   579   000000                     __activetblptr  equ	0
   580                           
   581                           	psect	rparam
   582   000001                     ___rparam_used  equ	1
   583   000000                     ___param_bank   equ	0
   584   000000                     __Lparam        equ	__Lrparam
   585   000000                     __Hparam        equ	__Hrparam
   586                           
   587                           	psect	temp
   588   000008                     btemp:
   589                           	callstack 0
   590   000008                     	ds	1
   591   000008                     int$flags       set	btemp
   592   000009                     wtemp8          set	btemp+1
   593   000009                     ttemp5          set	btemp+1
   594   00000C                     ttemp6          set	btemp+4
   595   000010                     ttemp7          set	btemp+8
   596                           
   597                           	psect	config
   598                           
   599                           ; Padding undefined space
   600   300000                     	org	3145728
   601   300000  FF                 	db	255
   602                           
   603                           ;Config register CONFIG1H @ 0x300001
   604                           ;	Oscillator
   605                           ;	OSC = INTIO2, Internal oscillator block, port function on RA6 and RA7
   606                           ;	Fail-Safe Clock Monitor Enable bit
   607                           ;	FCMEN = OFF, Fail-Safe Clock Monitor disabled
   608                           ;	Internal/External Oscillator Switchover bit
   609                           ;	IESO = OFF, Oscillator Switchover mode disabled
   610   300001                     	org	3145729
   611   300001  08                 	db	8
   612                           
   613                           ;Config register CONFIG2L @ 0x300002
   614                           ;	Power-up Timer Enable bit
   615                           ;	PWRT = OFF, PWRT disabled
   616                           ;	Brown-out Reset Enable bits
   617                           ;	BOR = OFF, Brown-out Reset disabled in hardware and software
   618                           ;	Brown-out Reset Voltage bits
   619                           ;	BORV = 3, Minimum Setting
   620   300002                     	org	3145730
   621   300002  19                 	db	25
   622                           
   623                           ;Config register CONFIG2H @ 0x300003
   624                           ;	Watchdog Timer Enable bit
   625                           ;	WDT = OFF, WDT disabled (control is placed on the SWDTEN bit)
   626                           ;	Watchdog Timer Postscale Select bits
   627                           ;	WDTPS = 32768, 1:32768
   628   300003                     	org	3145731
   629   300003  1E                 	db	30
   630                           
   631                           ; Padding undefined space
   632   300004                     	org	3145732
   633   300004  FF                 	db	255
   634                           
   635                           ;Config register CONFIG3H @ 0x300005
   636                           ;	CCP2 MUX bit
   637                           ;	CCP2MX = RC1, CCP2 input/output is multiplexed with RC1
   638                           ;	PORTB A/D Enable bit
   639                           ;	PBADEN = ANA, PORTB<4:0> pins are configured as analog input channels on Reset
   640                           ;	Low-Power Timer1 Oscillator Enable bit
   641                           ;	LPT1OSC = OFF, Timer1 configured for higher power operation
   642                           ;	MCLR Pin Enable bit
   643                           ;	MCLRE = ON, MCLR pin enabled; RE3 input pin disabled
   644   300005                     	org	3145733
   645   300005  83                 	db	131
   646                           
   647                           ;Config register CONFIG4L @ 0x300006
   648                           ;	Stack Full/Underflow Reset Enable bit
   649                           ;	STVREN = ON, Stack full/underflow will cause Reset
   650                           ;	Single-Supply ICSP Enable bit
   651                           ;	LVP = ON, Single-Supply ICSP enabled
   652                           ;	Boot Block Size Select bits
   653                           ;	BBSIZ = BB256, 256 Word
   654                           ;	Extended Instruction Set Enable bit
   655                           ;	XINST = OFF, Instruction set extension and Indexed Addressing mode disabled (Legacy mo
      +                          de)
   656                           ;	Background Debugger Enable bit
   657                           ;	DEBUG = 0x1, unprogrammed default
   658   300006                     	org	3145734
   659   300006  85                 	db	133
   660                           
   661                           ; Padding undefined space
   662   300007                     	org	3145735
   663   300007  FF                 	db	255
   664                           
   665                           ;Config register CONFIG5L @ 0x300008
   666                           ;	Code Protection bit
   667                           ;	CP0 = OFF, Block 0 not code-protected
   668                           ;	Code Protection bit
   669                           ;	CP1 = OFF, Block 1 not code-protected
   670   300008                     	org	3145736
   671   300008  03                 	db	3
   672                           
   673                           ;Config register CONFIG5H @ 0x300009
   674                           ;	Boot Block Code Protection bitProtect Boot
   675                           ;	CPB = OFF, Boot block not code-protected
   676                           ;	Data EEPROM Code Protection bit
   677                           ;	CPD = OFF, Data EEPROM not code-protected
   678   300009                     	org	3145737
   679   300009  C0                 	db	192
   680                           
   681                           ;Config register CONFIG6L @ 0x30000A
   682                           ;	Write Protection bit
   683                           ;	WRT0 = OFF, Block 0 not write-protected
   684                           ;	Write Protection bit
   685                           ;	WRT1 = OFF, Block 1 not write-protected
   686   30000A                     	org	3145738
   687   30000A  03                 	db	3
   688                           
   689                           ;Config register CONFIG6H @ 0x30000B
   690                           ;	Configuration Register Write Protection bit
   691                           ;	WRTC = OFF, Configuration registers (300000-3000FFh) not write-protected
   692                           ;	Boot Block Write Protection bit
   693                           ;	WRTB = OFF, Boot block not write-protected
   694                           ;	Data EEPROM Write Protection bit
   695                           ;	WRTD = OFF, Data EEPROM not write-protected
   696   30000B                     	org	3145739
   697   30000B  E0                 	db	224
   698                           
   699                           ;Config register CONFIG7L @ 0x30000C
   700                           ;	Table Read Protection bit
   701                           ;	EBTR0 = OFF, Block 0 not protected from table reads executed in other blocks
   702                           ;	Table Read Protection bit
   703                           ;	EBTR1 = OFF, Block 1 not protected from table reads executed in other blocks
   704   30000C                     	org	3145740
   705   30000C  03                 	db	3
   706                           
   707                           ;Config register CONFIG7H @ 0x30000D
   708                           ;	Boot Block Table Read Protection bit
   709                           ;	EBTRB = OFF, Boot block not protected from table reads executed in other blocks
   710   30000D                     	org	3145741
   711   30000D  40                 	db	64
   712                           tosu	equ	0xFFF
   713                           tosh	equ	0xFFE
   714                           tosl	equ	0xFFD
   715                           stkptr	equ	0xFFC
   716                           pclatu	equ	0xFFB
   717                           pclath	equ	0xFFA
   718                           pcl	equ	0xFF9
   719                           tblptru	equ	0xFF8
   720                           tblptrh	equ	0xFF7
   721                           tblptrl	equ	0xFF6
   722                           tablat	equ	0xFF5
   723                           prodh	equ	0xFF4
   724                           prodl	equ	0xFF3
   725                           indf0	equ	0xFEF
   726                           postinc0	equ	0xFEE
   727                           postdec0	equ	0xFED
   728                           preinc0	equ	0xFEC
   729                           plusw0	equ	0xFEB
   730                           fsr0h	equ	0xFEA
   731                           fsr0l	equ	0xFE9
   732                           wreg	equ	0xFE8
   733                           indf1	equ	0xFE7
   734                           postinc1	equ	0xFE6
   735                           postdec1	equ	0xFE5
   736                           preinc1	equ	0xFE4
   737                           plusw1	equ	0xFE3
   738                           fsr1h	equ	0xFE2
   739                           fsr1l	equ	0xFE1
   740                           bsr	equ	0xFE0
   741                           indf2	equ	0xFDF
   742                           postinc2	equ	0xFDE
   743                           postdec2	equ	0xFDD
   744                           preinc2	equ	0xFDC
   745                           plusw2	equ	0xFDB
   746                           fsr2h	equ	0xFDA
   747                           fsr2l	equ	0xFD9
   748                           status	equ	0xFD8

Data Sizes:
    Strings     0
    Constant    0
    Data        0
    BSS         0
    Persistent  0
    Stack       0

Auto Spaces:
    Space          Size  Autos    Used
    COMRAM          126      7       7
    BANK0           128      0       0
    BANK1           239      0       0

Pointer List with Targets:

    None.

Critical Paths under _main in COMRAM

    None.

Critical Paths under _counting in COMRAM

    None.

Critical Paths under _toggle in COMRAM

    None.

Critical Paths under _main in BANK0

    None.

Critical Paths under _counting in BANK0

    None.

Critical Paths under _toggle in BANK0

    None.

Critical Paths under _main in BANK1

    None.

Critical Paths under _counting in BANK1

    None.

Critical Paths under _toggle in BANK1

    None.

Call Graph Tables:

 ---------------------------------------------------------------------------------
 (Depth) Function   	        Calls       Base Space   Used Autos Params    Refs
 ---------------------------------------------------------------------------------
 (0) _main                                                 1     1      0       0
                                              6 COMRAM     1     1      0
 ---------------------------------------------------------------------------------
 Estimated maximum stack depth 0
 ---------------------------------------------------------------------------------
 (Depth) Function   	        Calls       Base Space   Used Autos Params    Refs
 ---------------------------------------------------------------------------------
 (1) _counting                                             5     5      0      45
                                              1 COMRAM     5     5      0
 ---------------------------------------------------------------------------------
 Estimated maximum stack depth 1
 ---------------------------------------------------------------------------------
 (Depth) Function   	        Calls       Base Space   Used Autos Params    Refs
 ---------------------------------------------------------------------------------
 (2) _toggle                                               1     1      0       0
                                              0 COMRAM     1     1      0
 ---------------------------------------------------------------------------------
 Estimated maximum stack depth 2
 ---------------------------------------------------------------------------------

 Call Graph Graphs:

 _main (ROOT)

 _counting (ROOT)

 _toggle (ROOT)

Address spaces:
Name               Size   Autos  Total    Usage
BITCOMRAM          126      0       0      0.0%
BITBANK0           128      0       0      0.0%
BITBANK1           239      0       0      0.0%
BITBIGSFR_1ll       36      0       0      0.0%
BITBIGSFRh          24      0       0      0.0%
BITBIGSFR_1lh       14      0       0      0.0%
BITBIGSFR_5          9      0       0      0.0%
BITBIGSFR_2          6      0       0      0.0%
BITBIGSFR_1h         3      0       0      0.0%
BITBIGSFR_3          3      0       0      0.0%
BITBIGSFR_4          3      0       0      0.0%
BITBIGSFRl           2      0       0      0.0%
COMRAM             126      7       7      5.6%
BANK0              128      0       0      0.0%
BANK1              239      0       0      0.0%
BIGRAM             494      0       0      0.0%
STACK                0      0       0      0.0%
DATA                 0      0       7      0.0%


Microchip Technology PIC18 Macro Assembler V2.50 build 20240725155939 
Symbol Table                                                                                   Fri Jan 03 20:45:02 2025

                     l27 0222                       u77 022C                       u87 023C  
                     bsr 0FE0                      l720 0202                      l730 0212  
                    l722 0206                      l740 021C                      l732 0214  
                    l724 0208                      l750 0236                      l742 021E  
                    l734 0216                      l726 020A                      l744 0220  
                    l736 0218                      l728 0210                      l746 0226  
                    l738 021A                      l748 0234                      wreg 0FE8  
                   i1l42 0046                     i1l44 006A                     i2l36 028C  
                   _main 0202                     btemp 0008                     start 007A  
           ___param_bank 0000                    ?_main 0001                    i1l760 0026  
                  i1l770 004A                    i1l762 0034                    i1l772 0058  
                  i1l764 0042                    i2l752 024C                    i2l754 025A  
                  i2l756 0268                    i2l758 026A                    _PORTD 0F83  
                  _TRISB 0F93                    _TRISC 0F94                    _TRISD 0F95  
                  ttemp5 0009                    ttemp6 000C                    ttemp7 0010  
                  status 0FD8                    wtemp8 0009          __initialization 0290  
           __end_of_main 024C                   ??_main 0007            __activetblptr 0000  
                 _ADCON1 0FC1                   i1u4_20 0034                   i1u4_21 0030  
                 i1u5_20 0042                   i1u5_21 003E                   i2u1_40 025A  
                 i2u1_41 0256                   i1u6_20 006A                   i1u6_21 0066  
                 i2u2_40 0268                   i2u2_41 0264                   i2u3_40 027A  
                 i2u3_41 0274                   i2u3_46 027C                   i1u9_27 0050  
       __end_of_counting 007A                   isa$std 0001                   _toggle 0008  
           __mediumconst 0000               __accesstop 0080  __end_of__initialization 0290  
          ___rparam_used 0001           __pcstackCOMRAM 0001                  ?_toggle 0001  
              ?_counting 0001                  __Hparam 0000                  __Lparam 0000  
           __psmallconst 0200                  __pcinit 0290                  __ramtop 0200  
                __ptext0 0202           __pintcode_body 024C     end_of_initialization 0290  
             ??_counting 0002                  int_func 024C                _PORTCbits 0F82  
         __end_of_toggle 0290      start_initialization 0290                 ??_toggle 0001  
              __pintcode 0008              __pintcodelo 0018              __smallconst 0200  
               _RCONbits 0FD0              _INTCON2bits 0FF1              _INTCON3bits 0FF0  
              counting@i 0006                 __Hrparam 0000                 __Lrparam 0000  
               _counting 0018                 isa$xinst 0000                 int$flags 0008  
             _INTCONbits 0FF2                 intlevel1 0000                 intlevel2 0000  
